Performing C SOURCE FILE Test CMAKE_HAVE_LIBC_PTHREAD failed with the following output:
Change Dir: /home/dofbot/ros_ws/build/CMakeFiles/CMakeTmp

Run Build Command(s):/usr/bin/make cmTC_e2d98/fast && /usr/bin/make -f CMakeFiles/cmTC_e2d98.dir/build.make CMakeFiles/cmTC_e2d98.dir/build
make[1]: Entering directory '/home/dofbot/ros_ws/build/CMakeFiles/CMakeTmp'
Building C object CMakeFiles/cmTC_e2d98.dir/src.c.o
/usr/bin/cc   -DCMAKE_HAVE_LIBC_PTHREAD   -o CMakeFiles/cmTC_e2d98.dir/src.c.o   -c /home/dofbot/ros_ws/build/CMakeFiles/CMakeTmp/src.c
Linking C executable cmTC_e2d98
/usr/bin/cmake -E cmake_link_script CMakeFiles/cmTC_e2d98.dir/link.txt --verbose=1
/usr/bin/cc  -DCMAKE_HAVE_LIBC_PTHREAD    -rdynamic CMakeFiles/cmTC_e2d98.dir/src.c.o  -o cmTC_e2d98 
/usr/bin/ld: CMakeFiles/cmTC_e2d98.dir/src.c.o: in function `main':
src.c:(.text+0x48): undefined reference to `pthread_create'
/usr/bin/ld: src.c:(.text+0x50): undefined reference to `pthread_detach'
/usr/bin/ld: src.c:(.text+0x5c): undefined reference to `pthread_join'
collect2: error: ld returned 1 exit status
make[1]: *** [CMakeFiles/cmTC_e2d98.dir/build.make:87: cmTC_e2d98] Error 1
make[1]: Leaving directory '/home/dofbot/ros_ws/build/CMakeFiles/CMakeTmp'
make: *** [Makefile:121: cmTC_e2d98/fast] Error 2


Source file was:
#include <pthread.h>

void* test_func(void* data)
{
  return data;
}

int main(void)
{
  pthread_t thread;
  pthread_create(&thread, NULL, test_func, NULL);
  pthread_detach(thread);
  pthread_join(thread, NULL);
  pthread_atfork(NULL, NULL, NULL);
  pthread_exit(NULL);

  return 0;
}

Determining if the function pthread_create exists in the pthreads failed with the following output:
Change Dir: /home/dofbot/ros_ws/build/CMakeFiles/CMakeTmp

Run Build Command(s):/usr/bin/make cmTC_96976/fast && /usr/bin/make -f CMakeFiles/cmTC_96976.dir/build.make CMakeFiles/cmTC_96976.dir/build
make[1]: Entering directory '/home/dofbot/ros_ws/build/CMakeFiles/CMakeTmp'
Building C object CMakeFiles/cmTC_96976.dir/CheckFunctionExists.c.o
/usr/bin/cc   -DCHECK_FUNCTION_EXISTS=pthread_create   -o CMakeFiles/cmTC_96976.dir/CheckFunctionExists.c.o   -c /usr/share/cmake-3.16/Modules/CheckFunctionExists.c
Linking C executable cmTC_96976
/usr/bin/cmake -E cmake_link_script CMakeFiles/cmTC_96976.dir/link.txt --verbose=1
/usr/bin/cc  -DCHECK_FUNCTION_EXISTS=pthread_create    -rdynamic CMakeFiles/cmTC_96976.dir/CheckFunctionExists.c.o  -o cmTC_96976  -lpthreads 
/usr/bin/ld: cannot find -lpthreads
collect2: error: ld returned 1 exit status
make[1]: *** [CMakeFiles/cmTC_96976.dir/build.make:87: cmTC_96976] Error 1
make[1]: Leaving directory '/home/dofbot/ros_ws/build/CMakeFiles/CMakeTmp'
make: *** [Makefile:121: cmTC_96976/fast] Error 2



Performing C SOURCE FILE Test CMAKE_HAVE_LIBC_PTHREAD failed with the following output:
Change Dir: /home/dofbot/ros_ws/ros_ws/build/CMakeFiles/CMakeTmp

Run Build Command(s):/usr/bin/make cmTC_179ee/fast && /usr/bin/make -f CMakeFiles/cmTC_179ee.dir/build.make CMakeFiles/cmTC_179ee.dir/build
make[1]: Entering directory '/home/dofbot/ros_ws/ros_ws/build/CMakeFiles/CMakeTmp'
Building C object CMakeFiles/cmTC_179ee.dir/src.c.o
/usr/bin/cc   -DCMAKE_HAVE_LIBC_PTHREAD   -o CMakeFiles/cmTC_179ee.dir/src.c.o   -c /home/dofbot/ros_ws/ros_ws/build/CMakeFiles/CMakeTmp/src.c
Linking C executable cmTC_179ee
/usr/bin/cmake -E cmake_link_script CMakeFiles/cmTC_179ee.dir/link.txt --verbose=1
/usr/bin/cc  -DCMAKE_HAVE_LIBC_PTHREAD    -rdynamic CMakeFiles/cmTC_179ee.dir/src.c.o  -o cmTC_179ee 
/usr/bin/ld: CMakeFiles/cmTC_179ee.dir/src.c.o: in function `main':
src.c:(.text+0x48): undefined reference to `pthread_create'
/usr/bin/ld: src.c:(.text+0x50): undefined reference to `pthread_detach'
/usr/bin/ld: src.c:(.text+0x5c): undefined reference to `pthread_join'
collect2: error: ld returned 1 exit status
make[1]: *** [CMakeFiles/cmTC_179ee.dir/build.make:87: cmTC_179ee] Error 1
make[1]: Leaving directory '/home/dofbot/ros_ws/ros_ws/build/CMakeFiles/CMakeTmp'
make: *** [Makefile:121: cmTC_179ee/fast] Error 2


Source file was:
#include <pthread.h>

void* test_func(void* data)
{
  return data;
}

int main(void)
{
  pthread_t thread;
  pthread_create(&thread, NULL, test_func, NULL);
  pthread_detach(thread);
  pthread_join(thread, NULL);
  pthread_atfork(NULL, NULL, NULL);
  pthread_exit(NULL);

  return 0;
}

Determining if the function pthread_create exists in the pthreads failed with the following output:
Change Dir: /home/dofbot/ros_ws/ros_ws/build/CMakeFiles/CMakeTmp

Run Build Command(s):/usr/bin/make cmTC_5691c/fast && /usr/bin/make -f CMakeFiles/cmTC_5691c.dir/build.make CMakeFiles/cmTC_5691c.dir/build
make[1]: Entering directory '/home/dofbot/ros_ws/ros_ws/build/CMakeFiles/CMakeTmp'
Building C object CMakeFiles/cmTC_5691c.dir/CheckFunctionExists.c.o
/usr/bin/cc   -DCHECK_FUNCTION_EXISTS=pthread_create   -o CMakeFiles/cmTC_5691c.dir/CheckFunctionExists.c.o   -c /usr/share/cmake-3.16/Modules/CheckFunctionExists.c
Linking C executable cmTC_5691c
/usr/bin/cmake -E cmake_link_script CMakeFiles/cmTC_5691c.dir/link.txt --verbose=1
/usr/bin/cc  -DCHECK_FUNCTION_EXISTS=pthread_create    -rdynamic CMakeFiles/cmTC_5691c.dir/CheckFunctionExists.c.o  -o cmTC_5691c  -lpthreads 
/usr/bin/ld: cannot find -lpthreads
collect2: error: ld returned 1 exit status
make[1]: *** [CMakeFiles/cmTC_5691c.dir/build.make:87: cmTC_5691c] Error 1
make[1]: Leaving directory '/home/dofbot/ros_ws/ros_ws/build/CMakeFiles/CMakeTmp'
make: *** [Makefile:121: cmTC_5691c/fast] Error 2



